<?xml version="1.0" encoding="UTF-8"?>
<!-- Generated by org.testng.reporters.JUnitReportReporter -->
<testsuite skipped="0" hostname="Jennifer-PC" name="TestCases.HomePageImplemantationTest" tests="2" failures="0" timestamp="2020-08-30T22:57:35 EDT" time="107.761" errors="0">
  <testcase name="basePageNavigation" time="33.317" classname="TestCases.HomePageImplemantationTest"/>
  <system-out/>
  <testcase name="basePageNavigation" time="74.444" classname="TestCases.HomePageImplemantationTest"/>
  <system-out/>
</testsuite> <!-- TestCases.HomePageImplemantationTest -->
