<?xml version="1.0" encoding="UTF-8"?>
<!-- Generated by org.testng.reporters.JUnitReportReporter -->
<testsuite skipped="0" hostname="Jennifer-PC" name="TestCases.HomePageNavigationBarValidationTest" tests="1" failures="0" timestamp="2020-08-30T22:57:35 EDT" time="6.074" errors="0">
  <testcase name="basePageNavigation" time="6.074" classname="TestCases.HomePageNavigationBarValidationTest"/>
  <system-out/>
</testsuite> <!-- TestCases.HomePageNavigationBarValidationTest -->
