<?xml version="1.0" encoding="UTF-8"?>
<!-- Generated by org.testng.reporters.JUnitReportReporter -->
<testsuite skipped="0" hostname="Jennifer-PC" name="TestCases.HomePageImplemantationTest" tests="2" failures="0" timestamp="2020-08-29T18:19:40 EDT" time="60.831" errors="0">
  <testcase name="basePageNavigation" time="29.741" classname="TestCases.HomePageImplemantationTest"/>
  <system-out/>
  <testcase name="basePageNavigation" time="31.090" classname="TestCases.HomePageImplemantationTest"/>
  <system-out/>
</testsuite> <!-- TestCases.HomePageImplemantationTest -->
