<?xml version="1.0" encoding="UTF-8"?>
<!-- Generated by org.testng.reporters.JUnitReportReporter -->
<testsuite skipped="0" hostname="Jennifer-PC" name="TestCases.HomePageTextValidationTest" tests="1" failures="0" timestamp="2020-08-29T18:19:40 EDT" time="5.962" errors="0">
  <testcase name="basePageNavigation" time="5.962" classname="TestCases.HomePageTextValidationTest"/>
  <system-out/>
</testsuite> <!-- TestCases.HomePageTextValidationTest -->
